<?xml version="1.0" encoding="UTF-8"?>
<testsuite xmlns:xsi="http://www.w3.org/2001/XMLSchema-instance" xsi:noNamespaceSchemaLocation="https://maven.apache.org/surefire/maven-surefire-plugin/xsd/surefire-test-report-3.0.xsd" version="3.0" name="net.autocine.cine.CineApplicationTests" time="4.998" tests="1" errors="0" skipped="0" failures="0">
  <properties>
[...]
</properties>
  <testcase name="contextLoads" classname="net.autocine.cine.CineApplicationTests" time="0.448">
    <system-out><![CDATA[09:51:00.259 [main] INFO org.springframework.test.context.support.AnnotationConfigContextLoaderUtils -- Could not detect default configuration classes for test class [net.autocine.cine.CineApplicationTests]: CineApplicationTests does not declare any static, non-private, non-final, nested classes annotated with @Configuration.
09:51:00.368 [main] INFO org.springframework.boot.test.context.SpringBootTestContextBootstrapper -- Found @SpringBootConfiguration net.autocine.cine.CineApplication for test class net.autocine.cine.CineApplicationTests
09:51:00.567 [main] INFO org.springframework.boot.devtools.restart.RestartApplicationListener -- Restart disabled due to context in which it is running

  .   ____          _            __ _ _
 /\\ / ___'_ __ _ _(_)_ __  __ _ \ \ \ \
( ( )\___ | '_ | '_| | '_ \/ _` | \ \ \ \
 \\/  ___)| |_)| | | | | || (_| |  ) ) ) )
  '  |____| .__|_| |_|_| |_\__, | / / / /
 =========|_|==============|___/=/_/_/_/

 :: Spring Boot ::                (v3.3.3)

2024-12-10T09:51:00.848-05:00  INFO 15108 --- [cine] [           main] net.autocine.cine.CineApplicationTests   : Starting CineApplicationTests using Java 17.0.9 with PID 15108 (started by Usuario in C:\Users\Usuario\OneDrive\Documentos\Microservicios-2024-Trabajo\cine\cine)
2024-12-10T09:51:00.850-05:00  INFO 15108 --- [cine] [           main] net.autocine.cine.CineApplicationTests   : No active profile set, falling back to 1 default profile: "default"
2024-12-10T09:51:01.519-05:00  INFO 15108 --- [cine] [           main] .s.d.r.c.RepositoryConfigurationDelegate : Bootstrapping Spring Data JPA repositories in DEFAULT mode.
2024-12-10T09:51:01.575-05:00  INFO 15108 --- [cine] [           main] .s.d.r.c.RepositoryConfigurationDelegate : Finished Spring Data repository scanning in 47 ms. Found 1 JPA repository interface.
2024-12-10T09:51:02.001-05:00  INFO 15108 --- [cine] [           main] com.zaxxer.hikari.HikariDataSource       : HikariPool-1 - Starting...
2024-12-10T09:51:02.198-05:00  INFO 15108 --- [cine] [           main] com.zaxxer.hikari.pool.HikariPool        : HikariPool-1 - Added connection com.mysql.cj.jdbc.ConnectionImpl@1b3ab4f9
2024-12-10T09:51:02.201-05:00  INFO 15108 --- [cine] [           main] com.zaxxer.hikari.HikariDataSource       : HikariPool-1 - Start completed.
2024-12-10T09:51:02.246-05:00  INFO 15108 --- [cine] [           main] o.hibernate.jpa.internal.util.LogHelper  : HHH000204: Processing PersistenceUnitInfo [name: default]
2024-12-10T09:51:02.325-05:00  INFO 15108 --- [cine] [           main] org.hibernate.Version                    : HHH000412: Hibernate ORM core version 6.5.2.Final
2024-12-10T09:51:02.366-05:00  INFO 15108 --- [cine] [           main] o.h.c.internal.RegionFactoryInitiator    : HHH000026: Second-level cache disabled
2024-12-10T09:51:02.783-05:00  INFO 15108 --- [cine] [           main] o.s.o.j.p.SpringPersistenceUnitInfo      : No LoadTimeWeaver setup: ignoring JPA class transformer
2024-12-10T09:51:02.873-05:00  WARN 15108 --- [cine] [           main] org.hibernate.orm.deprecation            : HHH90000025: MySQLDialect does not need to be specified explicitly using 'hibernate.dialect' (remove the property setting and it will be selected by default)
2024-12-10T09:51:03.648-05:00  INFO 15108 --- [cine] [           main] o.h.e.t.j.p.i.JtaPlatformInitiator       : HHH000489: No JTA platform available (set 'hibernate.transaction.jta.platform' to enable JTA platform integration)
2024-12-10T09:51:03.651-05:00  INFO 15108 --- [cine] [           main] j.LocalContainerEntityManagerFactoryBean : Initialized JPA EntityManagerFactory for persistence unit 'default'
2024-12-10T09:51:04.048-05:00  WARN 15108 --- [cine] [           main] JpaBaseConfiguration$JpaWebConfiguration : spring.jpa.open-in-view is enabled by default. Therefore, database queries may be performed during view rendering. Explicitly configure spring.jpa.open-in-view to disable this warning
2024-12-10T09:51:04.417-05:00  INFO 15108 --- [cine] [           main] net.autocine.cine.CineApplicationTests   : Started CineApplicationTests in 3.864 seconds (process running for 4.902)
Hibernate: select pm1_0.codpel,pm1_0.catpel,pm1_0.despel,pm1_0.durpel,pm1_0.nompel,pm1_0.prepel,pm1_0.rutpel from t_peliculas pm1_0
eliminando todos los datos
]]></system-out>
  </testcase>
</testsuite>